[ 15%] Built target gtest_main
[ 30%] Built target gtest
[ 38%] [32mBuilding CXX object CMakeFiles/libratech.dir/src/manipulation.cpp.o[0m
[ 46%] [32mBuilding CXX object CMakeFiles/libratech.dir/src/navigation.cpp.o[0m
[ 53%] [32mBuilding CXX object CMakeFiles/libratech.dir/src/perception.cpp.o[0m
[ 76%] Built target test_808x-final-project
[01m[K/home/hac/ros2_ws/src/808x-final-project/src/manipulation.cpp:[m[K In member function â€˜[01m[Kbool Manipulation::pick_book()[m[Kâ€™:
[01m[K/home/hac/ros2_ws/src/808x-final-project/src/manipulation.cpp:46:39:[m[K [01;31m[Kerror: [m[Kunable to find numeric literal operator â€˜[01m[Koperator""s[m[Kâ€™
   46 | while (!pick_client->wait_for_service([01;31m[K1s[m[K)) {
      |                                       [01;31m[K^~[m[K
[01m[K/home/hac/ros2_ws/src/808x-final-project/src/manipulation.cpp:63:53:[m[K [01;31m[Kerror: [m[Kunable to find numeric literal operator â€˜[01m[Koperator""s[m[Kâ€™
   63 |                                             result, [01;31m[K10s[m[K);
      |                                                     [01;31m[K^~~[m[K
[01m[K/home/hac/ros2_ws/src/808x-final-project/src/manipulation.cpp:69:1:[m[K [01;35m[Kwarning: [m[Kcontrol reaches end of non-void function [[01;35m[K]8;;https://gcc.gnu.org/onlinedocs/gcc/Warning-Options.html#index-Wreturn-type-Wreturn-type]8;;[m[K]
   69 | [01;35m[K}[m[K
      | [01;35m[K^[m[K
gmake[2]: *** [CMakeFiles/libratech.dir/build.make:90: CMakeFiles/libratech.dir/src/manipulation.cpp.o] Error 1
gmake[2]: *** Waiting for unfinished jobs....
[01m[K/home/hac/ros2_ws/src/808x-final-project/src/navigation.cpp:[m[K In member function â€˜[01m[Kbool Navigation::search_book()[m[Kâ€™:
[01m[K/home/hac/ros2_ws/src/808x-final-project/src/navigation.cpp:85:23:[m[K [01;31m[Kerror: [m[Kunable to find numeric literal operator â€˜[01m[Koperator""ms[m[Kâ€™
   85 |     rclcpp::sleep_for([01;31m[K1000ms[m[K);
      |                       [01;31m[K^~~~~~[m[K
[01m[K/home/hac/ros2_ws/src/808x-final-project/src/navigation.cpp:90:76:[m[K [01;31m[Kerror: [m[Kâ€˜[01m[K_1[m[Kâ€™ was not declared in this scope; did you mean â€˜[01m[Kstd::placeholders::_1[m[Kâ€™?
   90 |                         std::bind(&Navigation::odom_callback_search, this, [01;31m[K_1[m[K));
      |                                                                            [01;31m[K^~[m[K
      |                                                                            [32m[Kstd::placeholders::_1[m[K
In file included from [01m[K/usr/include/c++/11/pstl/glue_algorithm_defs.h:13[m[K,
                 from [01m[K/usr/include/c++/11/algorithm:74[m[K,
                 from [01m[K/opt/ros/humble/include/rclcpp/rclcpp/executor.hpp:18[m[K,
                 from [01m[K/opt/ros/humble/include/rclcpp/rclcpp/executors/multi_threaded_executor.hpp:25[m[K,
                 from [01m[K/opt/ros/humble/include/rclcpp/rclcpp/executors.hpp:21[m[K,
                 from [01m[K/opt/ros/humble/include/rclcpp/rclcpp/rclcpp.hpp:155[m[K,
                 from [01m[K/home/hac/ros2_ws/src/808x-final-project/src/../include/navigation.hpp:14[m[K,
                 from [01m[K/home/hac/ros2_ws/src/808x-final-project/src/navigation.cpp:12[m[K:
[01m[K/usr/include/c++/11/functional:225:34:[m[K [01;36m[Knote: [m[Kâ€˜[01m[Kstd::placeholders::_1[m[Kâ€™ declared here
  225 |     extern const _Placeholder<1> [01;36m[K_1[m[K;
      |                                  [01;36m[K^~[m[K
In file included from [01m[K/opt/ros/humble/include/rclcpp/rclcpp/logging.hpp:24[m[K,
                 from [01m[K/opt/ros/humble/include/rclcpp/rclcpp/client.hpp:40[m[K,
                 from [01m[K/opt/ros/humble/include/rclcpp/rclcpp/callback_group.hpp:24[m[K,
                 from [01m[K/opt/ros/humble/include/rclcpp/rclcpp/any_executable.hpp:20[m[K,
                 from [01m[K/opt/ros/humble/include/rclcpp/rclcpp/memory_strategy.hpp:25[m[K,
                 from [01m[K/opt/ros/humble/include/rclcpp/rclcpp/memory_strategies.hpp:18[m[K,
                 from [01m[K/opt/ros/humble/include/rclcpp/rclcpp/executor_options.hpp:20[m[K,
                 from [01m[K/opt/ros/humble/include/rclcpp/rclcpp/executor.hpp:37[m[K,
                 from [01m[K/opt/ros/humble/include/rclcpp/rclcpp/executors/multi_threaded_executor.hpp:25[m[K,
                 from [01m[K/opt/ros/humble/include/rclcpp/rclcpp/executors.hpp:21[m[K,
                 from [01m[K/opt/ros/humble/include/rclcpp/rclcpp/rclcpp.hpp:155[m[K,
                 from [01m[K/home/hac/ros2_ws/src/808x-final-project/src/../include/navigation.hpp:14[m[K,
                 from [01m[K/home/hac/ros2_ws/src/808x-final-project/src/navigation.cpp:12[m[K:
[01m[K/home/hac/ros2_ws/src/808x-final-project/src/navigation.cpp:95:41:[m[K [01;35m[Kwarning: [m[Kformat â€˜[01m[K%d[m[Kâ€™ expects argument of type â€˜[01m[Kint[m[Kâ€™, but argument 5 has type â€˜[01m[Kstd::vector<float>::size_type[m[Kâ€™ {aka â€˜[01m[Klong unsigned int[m[Kâ€™} [[01;35m[K]8;;https://gcc.gnu.org/onlinedocs/gcc/Warning-Options.html#index-Wformat=-Wformat=]8;;[m[K]
   95 |         RCLCPP_INFO(this->get_logger(), [01;35m[K"In Search Bins %d %f"[m[K,
      |                                         [01;35m[K^~~~~~~~~~~~~~~~~~~~~~[m[K
   96 |                     [32m[Ksearch_pos.size()[m[K, pop_pos);
      |                     [32m[K~~~~~~~~~~~~~~~~~[m[K    
      |                                    [32m[K|[m[K
      |                                    [32m[Kstd::vector<float>::size_type {aka long unsigned int}[m[K
[01m[K/home/hac/ros2_ws/src/808x-final-project/src/navigation.cpp:95:58:[m[K [01;36m[Knote: [m[Kformat string is defined here
   95 |         RCLCPP_INFO(this->get_logger(), "In Search Bins [01;36m[K%d[m[K %f",
      |                                                         [01;36m[K~^[m[K
      |                                                          [01;36m[K|[m[K
      |                                                          [01;36m[Kint[m[K
      |                                                         [32m[K%ld[m[K
[01m[K/home/hac/ros2_ws/src/808x-final-project/src/navigation.cpp:114:31:[m[K [01;31m[Kerror: [m[Kunable to find numeric literal operator â€˜[01m[Koperator""ms[m[Kâ€™
  114 |             rclcpp::sleep_for([01;31m[K500ms[m[K);
      |                               [01;31m[K^~~~~[m[K
[01m[K/home/hac/ros2_ws/src/808x-final-project/src/navigation.cpp:[m[K In member function â€˜[01m[Kbool Navigation::go_to_shelf()[m[Kâ€™:
[01m[K/home/hac/ros2_ws/src/808x-final-project/src/navigation.cpp:132:71:[m[K [01;31m[Kerror: [m[Kâ€˜[01m[K_1[m[Kâ€™ was not declared in this scope; did you mean â€˜[01m[Kstd::placeholders::_1[m[Kâ€™?
  132 |                     std::bind(&Navigation::odom_callback_place, this, [01;31m[K_1[m[K));
      |                                                                       [01;31m[K^~[m[K
      |                                                                       [32m[Kstd::placeholders::_1[m[K
In file included from [01m[K/usr/include/c++/11/pstl/glue_algorithm_defs.h:13[m[K,
                 from [01m[K/usr/include/c++/11/algorithm:74[m[K,
                 from [01m[K/opt/ros/humble/include/rclcpp/rclcpp/executor.hpp:18[m[K,
                 from [01m[K/opt/ros/humble/include/rclcpp/rclcpp/executors/multi_threaded_executor.hpp:25[m[K,
                 from [01m[K/opt/ros/humble/include/rclcpp/rclcpp/executors.hpp:21[m[K,
                 from [01m[K/opt/ros/humble/include/rclcpp/rclcpp/rclcpp.hpp:155[m[K,
                 from [01m[K/home/hac/ros2_ws/src/808x-final-project/src/../include/navigation.hpp:14[m[K,
                 from [01m[K/home/hac/ros2_ws/src/808x-final-project/src/navigation.cpp:12[m[K:
[01m[K/usr/include/c++/11/functional:225:34:[m[K [01;36m[Knote: [m[Kâ€˜[01m[Kstd::placeholders::_1[m[Kâ€™ declared here
  225 |     extern const _Placeholder<1> [01;36m[K_1[m[K;
      |                                  [01;36m[K^~[m[K
[01m[K/home/hac/ros2_ws/src/808x-final-project/src/navigation.cpp:148:27:[m[K [01;31m[Kerror: [m[Kunable to find numeric literal operator â€˜[01m[Koperator""ms[m[Kâ€™
  148 |         rclcpp::sleep_for([01;31m[K500ms[m[K);
      |                           [01;31m[K^~~~~[m[K
[01m[K/home/hac/ros2_ws/src/808x-final-project/src/navigation.cpp:[m[K In member function â€˜[01m[Kbool Navigation::resume_search()[m[Kâ€™:
[01m[K/home/hac/ros2_ws/src/808x-final-project/src/navigation.cpp:164:72:[m[K [01;31m[Kerror: [m[Kâ€˜[01m[K_1[m[Kâ€™ was not declared in this scope; did you mean â€˜[01m[Kstd::placeholders::_1[m[Kâ€™?
  164 |                     std::bind(&Navigation::odom_callback_search, this, [01;31m[K_1[m[K));
      |                                                                        [01;31m[K^~[m[K
      |                                                                        [32m[Kstd::placeholders::_1[m[K
In file included from [01m[K/usr/include/c++/11/pstl/glue_algorithm_defs.h:13[m[K,
                 from [01m[K/usr/include/c++/11/algorithm:74[m[K,
                 from [01m[K/opt/ros/humble/include/rclcpp/rclcpp/executor.hpp:18[m[K,
                 from [01m[K/opt/ros/humble/include/rclcpp/rclcpp/executors/multi_threaded_executor.hpp:25[m[K,
                 from [01m[K/opt/ros/humble/include/rclcpp/rclcpp/executors.hpp:21[m[K,
                 from [01m[K/opt/ros/humble/include/rclcpp/rclcpp/rclcpp.hpp:155[m[K,
                 from [01m[K/home/hac/ros2_ws/src/808x-final-project/src/../include/navigation.hpp:14[m[K,
                 from [01m[K/home/hac/ros2_ws/src/808x-final-project/src/navigation.cpp:12[m[K:
[01m[K/usr/include/c++/11/functional:225:34:[m[K [01;36m[Knote: [m[Kâ€˜[01m[Kstd::placeholders::_1[m[Kâ€™ declared here
  225 |     extern const _Placeholder<1> [01;36m[K_1[m[K;
      |                                  [01;36m[K^~[m[K
[01m[K/home/hac/ros2_ws/src/808x-final-project/src/navigation.cpp:180:27:[m[K [01;31m[Kerror: [m[Kunable to find numeric literal operator â€˜[01m[Koperator""ms[m[Kâ€™
  180 |         rclcpp::sleep_for([01;31m[K500ms[m[K);
      |                           [01;31m[K^~~~~[m[K
[01m[K/home/hac/ros2_ws/src/808x-final-project/src/perception.cpp:[m[K In constructor â€˜[01m[KPerception::Perception()[m[Kâ€™:
[01m[K/home/hac/ros2_ws/src/808x-final-project/src/perception.cpp:34:32:[m[K [01;31m[Kerror: [m[Kâ€˜[01m[Kodom_callback[m[Kâ€™ is not a member of â€˜[01m[KPerception[m[Kâ€™
   34 |         std::bind(&Perception::[01;31m[Kodom_callback[m[K, this, _1));
      |                                [01;31m[K^~~~~~~~~~~~~[m[K
[01m[K/home/hac/ros2_ws/src/808x-final-project/src/perception.cpp:34:53:[m[K [01;31m[Kerror: [m[Kâ€˜[01m[K_1[m[Kâ€™ was not declared in this scope; did you mean â€˜[01m[Kstd::placeholders::_1[m[Kâ€™?
   34 |         std::bind(&Perception::odom_callback, this, [01;31m[K_1[m[K));
      |                                                     [01;31m[K^~[m[K
      |                                                     [32m[Kstd::placeholders::_1[m[K
In file included from [01m[K/usr/include/c++/11/pstl/glue_algorithm_defs.h:13[m[K,
                 from [01m[K/usr/include/c++/11/algorithm:74[m[K,
                 from [01m[K/opt/ros/humble/include/rclcpp/rclcpp/executor.hpp:18[m[K,
                 from [01m[K/opt/ros/humble/include/rclcpp/rclcpp/executors/multi_threaded_executor.hpp:25[m[K,
                 from [01m[K/opt/ros/humble/include/rclcpp/rclcpp/executors.hpp:21[m[K,
                 from [01m[K/opt/ros/humble/include/rclcpp/rclcpp/rclcpp.hpp:155[m[K,
                 from [01m[K/home/hac/ros2_ws/src/808x-final-project/src/../include/perception.hpp:14[m[K,
                 from [01m[K/home/hac/ros2_ws/src/808x-final-project/src/perception.cpp:14[m[K:
[01m[K/usr/include/c++/11/functional:225:34:[m[K [01;36m[Knote: [m[Kâ€˜[01m[Kstd::placeholders::_1[m[Kâ€™ declared here
  225 |     extern const _Placeholder<1> [01;36m[K_1[m[K;
      |                                  [01;36m[K^~[m[K
[01m[K/home/hac/ros2_ws/src/808x-final-project/src/perception.cpp:[m[K In member function â€˜[01m[Kvoid Perception::img_sensor_callback(const ConstSharedPtr&)[m[Kâ€™:
[01m[K/home/hac/ros2_ws/src/808x-final-project/src/perception.cpp:47:46:[m[K [01;31m[Kerror: [m[Kâ€˜[01m[Kmsg[m[Kâ€™ was not declared in this scope
   47 |         cv::Mat image = cv_bridge::toCvShare([01;31m[Kmsg[m[K, msg->encoding)->image;
      |                                              [01;31m[K^~~[m[K
[01m[K/home/hac/ros2_ws/src/808x-final-project/src/perception.cpp:47:46:[m[K [01;36m[Knote: [m[Ksuggested alternatives:
In file included from [01m[K/opt/ros/humble/include/builtin_interfaces/builtin_interfaces/msg/duration.hpp:7[m[K,
                 from [01m[K/opt/ros/humble/include/rclcpp/rclcpp/duration.hpp:20[m[K,
                 from [01m[K/opt/ros/humble/include/rclcpp/rclcpp/qos.hpp:20[m[K,
                 from [01m[K/opt/ros/humble/include/rclcpp/rclcpp/node_interfaces/node_graph_interface.hpp:32[m[K,
                 from [01m[K/opt/ros/humble/include/rclcpp/rclcpp/client.hpp:42[m[K,
                 from [01m[K/opt/ros/humble/include/rclcpp/rclcpp/callback_group.hpp:24[m[K,
                 from [01m[K/opt/ros/humble/include/rclcpp/rclcpp/any_executable.hpp:20[m[K,
                 from [01m[K/opt/ros/humble/include/rclcpp/rclcpp/memory_strategy.hpp:25[m[K,
                 from [01m[K/opt/ros/humble/include/rclcpp/rclcpp/memory_strategies.hpp:18[m[K,
                 from [01m[K/opt/ros/humble/include/rclcpp/rclcpp/executor_options.hpp:20[m[K,
                 from [01m[K/opt/ros/humble/include/rclcpp/rclcpp/executor.hpp:37[m[K,
                 from [01m[K/opt/ros/humble/include/rclcpp/rclcpp/executors/multi_threaded_executor.hpp:25[m[K,
                 from [01m[K/opt/ros/humble/include/rclcpp/rclcpp/executors.hpp:21[m[K,
                 from [01m[K/opt/ros/humble/include/rclcpp/rclcpp/rclcpp.hpp:155[m[K,
                 from [01m[K/home/hac/ros2_ws/src/808x-final-project/src/../include/perception.hpp:14[m[K,
                 from [01m[K/home/hac/ros2_ws/src/808x-final-project/src/perception.cpp:14[m[K:
[01m[K/opt/ros/humble/include/builtin_interfaces/builtin_interfaces/msg/detail/duration__struct.hpp:27:11:[m[K [01;36m[Knote: [m[K  â€˜[01m[Kbuiltin_interfaces::msg[m[Kâ€™
   27 | namespace [01;36m[Kmsg[m[K
      |           [01;36m[K^~~[m[K
In file included from [01m[K/opt/ros/humble/include/rcl_interfaces/rcl_interfaces/msg/set_parameters_result.hpp:7[m[K,
                 from [01m[K/opt/ros/humble/include/rclcpp/rclcpp/qos_overriding_options.hpp:28[m[K,
                 from [01m[K/opt/ros/humble/include/rclcpp/rclcpp/subscription_options.hpp:30[m[K,
                 from [01m[K/opt/ros/humble/include/rclcpp/rclcpp/subscription.hpp:45[m[K,
                 from [01m[K/opt/ros/humble/include/rclcpp/rclcpp/any_executable.hpp:25[m[K,
                 from [01m[K/opt/ros/humble/include/rclcpp/rclcpp/memory_strategy.hpp:25[m[K,
                 from [01m[K/opt/ros/humble/include/rclcpp/rclcpp/memory_strategies.hpp:18[m[K,
                 from [01m[K/opt/ros/humble/include/rclcpp/rclcpp/executor_options.hpp:20[m[K,
                 from [01m[K/opt/ros/humble/include/rclcpp/rclcpp/executor.hpp:37[m[K,
                 from [01m[K/opt/ros/humble/include/rclcpp/rclcpp/executors/multi_threaded_executor.hpp:25[m[K,
                 from [01m[K/opt/ros/humble/include/rclcpp/rclcpp/executors.hpp:21[m[K,
                 from [01m[K/opt/ros/humble/include/rclcpp/rclcpp/rclcpp.hpp:155[m[K,
                 from [01m[K/home/hac/ros2_ws/src/808x-final-project/src/../include/perception.hpp:14[m[K,
                 from [01m[K/home/hac/ros2_ws/src/808x-final-project/src/perception.cpp:14[m[K:
[01m[K/opt/ros/humble/include/rcl_interfaces/rcl_interfaces/msg/detail/set_parameters_result__struct.hpp:27:11:[m[K [01;36m[Knote: [m[K  â€˜[01m[Krcl_interfaces::msg[m[Kâ€™
   27 | namespace [01;36m[Kmsg[m[K
      |           [01;36m[K^~~[m[K
In file included from [01m[K/opt/ros/humble/include/statistics_msgs/statistics_msgs/msg/detail/metrics_message__struct.hpp:23[m[K,
                 from [01m[K/opt/ros/humble/include/statistics_msgs/statistics_msgs/msg/metrics_message.hpp:7[m[K,
                 from [01m[K/opt/ros/humble/include/libstatistics_collector/libstatistics_collector/collector/generate_statistics_message.hpp:21[m[K,
                 from [01m[K/opt/ros/humble/include/rclcpp/rclcpp/topic_statistics/subscription_topic_statistics.hpp:23[m[K,
                 from [01m[K/opt/ros/humble/include/rclcpp/rclcpp/subscription.hpp:50[m[K,
                 from [01m[K/opt/ros/humble/include/rclcpp/rclcpp/any_executable.hpp:25[m[K,
                 from [01m[K/opt/ros/humble/include/rclcpp/rclcpp/memory_strategy.hpp:25[m[K,
                 from [01m[K/opt/ros/humble/include/rclcpp/rclcpp/memory_strategies.hpp:18[m[K,
                 from [01m[K/opt/ros/humble/include/rclcpp/rclcpp/executor_options.hpp:20[m[K,
                 from [01m[K/opt/ros/humble/include/rclcpp/rclcpp/executor.hpp:37[m[K,
                 from [01m[K/opt/ros/humble/include/rclcpp/rclcpp/executors/multi_threaded_executor.hpp:25[m[K,
                 from [01m[K/opt/ros/humble/include/rclcpp/rclcpp/executors.hpp:21[m[K,
                 from [01m[K/opt/ros/humble/include/rclcpp/rclcpp/rclcpp.hpp:155[m[K,
                 from [01m[K/home/hac/ros2_ws/src/808x-final-project/src/../include/perception.hpp:14[m[K,
                 from [01m[K/home/hac/ros2_ws/src/808x-final-project/src/perception.cpp:14[m[K:
[01m[K/opt/ros/humble/include/statistics_msgs/statistics_msgs/msg/detail/statistic_data_point__struct.hpp:27:11:[m[K [01;36m[Knote: [m[K  â€˜[01m[Kstatistics_msgs::msg[m[Kâ€™
   27 | namespace [01;36m[Kmsg[m[K
      |           [01;36m[K^~~[m[K
In file included from [01m[K/opt/ros/humble/include/geometry_msgs/geometry_msgs/msg/detail/pose__struct.hpp:20[m[K,
                 from [01m[K/opt/ros/humble/include/geometry_msgs/geometry_msgs/msg/pose.hpp:7[m[K,
                 from [01m[K/home/hac/ros2_ws/src/808x-final-project/src/../include/perception.hpp:18[m[K,
                 from [01m[K/home/hac/ros2_ws/src/808x-final-project/src/perception.cpp:14[m[K:
[01m[K/opt/ros/humble/include/geometry_msgs/geometry_msgs/msg/detail/point__struct.hpp:27:11:[m[K [01;36m[Knote: [m[K  â€˜[01m[Kgeometry_msgs::msg[m[Kâ€™
   27 | namespace [01;36m[Kmsg[m[K
      |           [01;36m[K^~~[m[K
In file included from [01m[K/opt/ros/humble/include/sensor_msgs/sensor_msgs/msg/detail/laser_scan__struct.hpp:20[m[K,
                 from [01m[K/opt/ros/humble/include/sensor_msgs/sensor_msgs/msg/laser_scan.hpp:7[m[K,
                 from [01m[K/home/hac/ros2_ws/src/808x-final-project/src/../include/perception.hpp:19[m[K,
                 from [01m[K/home/hac/ros2_ws/src/808x-final-project/src/perception.cpp:14[m[K:
[01m[K/opt/ros/humble/include/std_msgs/std_msgs/msg/detail/header__struct.hpp:31:11:[m[K [01;36m[Knote: [m[K  â€˜[01m[Kstd_msgs::msg[m[Kâ€™
   31 | namespace [01;36m[Kmsg[m[K
      |           [01;36m[K^~~[m[K
In file included from [01m[K/opt/ros/humble/include/sensor_msgs/sensor_msgs/msg/laser_scan.hpp:7[m[K,
                 from [01m[K/home/hac/ros2_ws/src/808x-final-project/src/../include/perception.hpp:19[m[K,
                 from [01m[K/home/hac/ros2_ws/src/808x-final-project/src/perception.cpp:14[m[K:
[01m[K/opt/ros/humble/include/sensor_msgs/sensor_msgs/msg/detail/laser_scan__struct.hpp:31:11:[m[K [01;36m[Knote: [m[K  â€˜[01m[Ksensor_msgs::msg[m[Kâ€™
   31 | namespace [01;36m[Kmsg[m[K
      |           [01;36m[K^~~[m[K
In file included from [01m[K/opt/ros/humble/include/nav_msgs/nav_msgs/msg/odometry.hpp:7[m[K,
                 from [01m[K/home/hac/ros2_ws/src/808x-final-project/src/../include/perception.hpp:25[m[K,
                 from [01m[K/home/hac/ros2_ws/src/808x-final-project/src/perception.cpp:14[m[K:
[01m[K/opt/ros/humble/include/nav_msgs/nav_msgs/msg/detail/odometry__struct.hpp:35:11:[m[K [01;36m[Knote: [m[K  â€˜[01m[Knav_msgs::msg[m[Kâ€™
   35 | namespace [01;36m[Kmsg[m[K
      |           [01;36m[K^~~[m[K
In file included from [01m[K/opt/ros/humble/include/rclcpp/rclcpp/logging.hpp:24[m[K,
                 from [01m[K/opt/ros/humble/include/rclcpp/rclcpp/client.hpp:40[m[K,
                 from [01m[K/opt/ros/humble/include/rclcpp/rclcpp/callback_group.hpp:24[m[K,
                 from [01m[K/opt/ros/humble/include/rclcpp/rclcpp/any_executable.hpp:20[m[K,
                 from [01m[K/opt/ros/humble/include/rclcpp/rclcpp/memory_strategy.hpp:25[m[K,
                 from [01m[K/opt/ros/humble/include/rclcpp/rclcpp/memory_strategies.hpp:18[m[K,
                 from [01m[K/opt/ros/humble/include/rclcpp/rclcpp/executor_options.hpp:20[m[K,
                 from [01m[K/opt/ros/humble/include/rclcpp/rclcpp/executor.hpp:37[m[K,
                 from [01m[K/opt/ros/humble/include/rclcpp/rclcpp/executors/multi_threaded_executor.hpp:25[m[K,
                 from [01m[K/opt/ros/humble/include/rclcpp/rclcpp/executors.hpp:21[m[K,
                 from [01m[K/opt/ros/humble/include/rclcpp/rclcpp/rclcpp.hpp:155[m[K,
                 from [01m[K/home/hac/ros2_ws/src/808x-final-project/src/../include/perception.hpp:14[m[K,
                 from [01m[K/home/hac/ros2_ws/src/808x-final-project/src/perception.cpp:14[m[K:
[01m[K/home/hac/ros2_ws/src/808x-final-project/src/perception.cpp:118:55:[m[K [01;31m[Kerror: [m[Kâ€˜[01m[Kmsg[m[Kâ€™ was not declared in this scope
  118 |             "Could not convert from '%s' to 'bgr8'.", [01;31m[Kmsg[m[K->encoding.c_str());
      |                                                       [01;31m[K^~~[m[K
[01m[K/home/hac/ros2_ws/src/808x-final-project/src/perception.cpp:118:55:[m[K [01;36m[Knote: [m[Ksuggested alternatives:
In file included from [01m[K/opt/ros/humble/include/builtin_interfaces/builtin_interfaces/msg/duration.hpp:7[m[K,
                 from [01m[K/opt/ros/humble/include/rclcpp/rclcpp/duration.hpp:20[m[K,
                 from [01m[K/opt/ros/humble/include/rclcpp/rclcpp/qos.hpp:20[m[K,
                 from [01m[K/opt/ros/humble/include/rclcpp/rclcpp/node_interfaces/node_graph_interface.hpp:32[m[K,
                 from [01m[K/opt/ros/humble/include/rclcpp/rclcpp/client.hpp:42[m[K,
                 from [01m[K/opt/ros/humble/include/rclcpp/rclcpp/callback_group.hpp:24[m[K,
                 from [01m[K/opt/ros/humble/include/rclcpp/rclcpp/any_executable.hpp:20[m[K,
                 from [01m[K/opt/ros/humble/include/rclcpp/rclcpp/memory_strategy.hpp:25[m[K,
                 from [01m[K/opt/ros/humble/include/rclcpp/rclcpp/memory_strategies.hpp:18[m[K,
                 from [01m[K/opt/ros/humble/include/rclcpp/rclcpp/executor_options.hpp:20[m[K,
                 from [01m[K/opt/ros/humble/include/rclcpp/rclcpp/executor.hpp:37[m[K,
                 from [01m[K/opt/ros/humble/include/rclcpp/rclcpp/executors/multi_threaded_executor.hpp:25[m[K,
                 from [01m[K/opt/ros/humble/include/rclcpp/rclcpp/executors.hpp:21[m[K,
                 from [01m[K/opt/ros/humble/include/rclcpp/rclcpp/rclcpp.hpp:155[m[K,
                 from [01m[K/home/hac/ros2_ws/src/808x-final-project/src/../include/perception.hpp:14[m[K,
                 from [01m[K/home/hac/ros2_ws/src/808x-final-project/src/perception.cpp:14[m[K:
[01m[K/opt/ros/humble/include/builtin_interfaces/builtin_interfaces/msg/detail/duration__struct.hpp:27:11:[m[K [01;36m[Knote: [m[K  â€˜[01m[Kbuiltin_interfaces::msg[m[Kâ€™
   27 | namespace [01;36m[Kmsg[m[K
      |           [01;36m[K^~~[m[K
In file included from [01m[K/opt/ros/humble/include/rcl_interfaces/rcl_interfaces/msg/set_parameters_result.hpp:7[m[K,
                 from [01m[K/opt/ros/humble/include/rclcpp/rclcpp/qos_overriding_options.hpp:28[m[K,
                 from [01m[K/opt/ros/humble/include/rclcpp/rclcpp/subscription_options.hpp:30[m[K,
                 from [01m[K/opt/ros/humble/include/rclcpp/rclcpp/subscription.hpp:45[m[K,
                 from [01m[K/opt/ros/humble/include/rclcpp/rclcpp/any_executable.hpp:25[m[K,
                 from [01m[K/opt/ros/humble/include/rclcpp/rclcpp/memory_strategy.hpp:25[m[K,
                 from [01m[K/opt/ros/humble/include/rclcpp/rclcpp/memory_strategies.hpp:18[m[K,
                 from [01m[K/opt/ros/humble/include/rclcpp/rclcpp/executor_options.hpp:20[m[K,
                 from [01m[K/opt/ros/humble/include/rclcpp/rclcpp/executor.hpp:37[m[K,
                 from [01m[K/opt/ros/humble/include/rclcpp/rclcpp/executors/multi_threaded_executor.hpp:25[m[K,
                 from [01m[K/opt/ros/humble/include/rclcpp/rclcpp/executors.hpp:21[m[K,
                 from [01m[K/opt/ros/humble/include/rclcpp/rclcpp/rclcpp.hpp:155[m[K,
                 from [01m[K/home/hac/ros2_ws/src/808x-final-project/src/../include/perception.hpp:14[m[K,
                 from [01m[K/home/hac/ros2_ws/src/808x-final-project/src/perception.cpp:14[m[K:
[01m[K/opt/ros/humble/include/rcl_interfaces/rcl_interfaces/msg/detail/set_parameters_result__struct.hpp:27:11:[m[K [01;36m[Knote: [m[K  â€˜[01m[Krcl_interfaces::msg[m[Kâ€™
   27 | namespace [01;36m[Kmsg[m[K
      |           [01;36m[K^~~[m[K
In file included from [01m[K/opt/ros/humble/include/statistics_msgs/statistics_msgs/msg/detail/metrics_message__struct.hpp:23[m[K,
                 from [01m[K/opt/ros/humble/include/statistics_msgs/statistics_msgs/msg/metrics_message.hpp:7[m[K,
                 from [01m[K/opt/ros/humble/include/libstatistics_collector/libstatistics_collector/collector/generate_statistics_message.hpp:21[m[K,
                 from [01m[K/opt/ros/humble/include/rclcpp/rclcpp/topic_statistics/subscription_topic_statistics.hpp:23[m[K,
                 from [01m[K/opt/ros/humble/include/rclcpp/rclcpp/subscription.hpp:50[m[K,
                 from [01m[K/opt/ros/humble/include/rclcpp/rclcpp/any_executable.hpp:25[m[K,
                 from [01m[K/opt/ros/humble/include/rclcpp/rclcpp/memory_strategy.hpp:25[m[K,
                 from [01m[K/opt/ros/humble/include/rclcpp/rclcpp/memory_strategies.hpp:18[m[K,
                 from [01m[K/opt/ros/humble/include/rclcpp/rclcpp/executor_options.hpp:20[m[K,
                 from [01m[K/opt/ros/humble/include/rclcpp/rclcpp/executor.hpp:37[m[K,
                 from [01m[K/opt/ros/humble/include/rclcpp/rclcpp/executors/multi_threaded_executor.hpp:25[m[K,
                 from [01m[K/opt/ros/humble/include/rclcpp/rclcpp/executors.hpp:21[m[K,
                 from [01m[K/opt/ros/humble/include/rclcpp/rclcpp/rclcpp.hpp:155[m[K,
                 from [01m[K/home/hac/ros2_ws/src/808x-final-project/src/../include/perception.hpp:14[m[K,
                 from [01m[K/home/hac/ros2_ws/src/808x-final-project/src/perception.cpp:14[m[K:
[01m[K/opt/ros/humble/include/statistics_msgs/statistics_msgs/msg/detail/statistic_data_point__struct.hpp:27:11:[m[K [01;36m[Knote: [m[K  â€˜[01m[Kstatistics_msgs::msg[m[Kâ€™
   27 | namespace [01;36m[Kmsg[m[K
      |           [01;36m[K^~~[m[K
In file included from [01m[K/opt/ros/humble/include/geometry_msgs/geometry_msgs/msg/detail/pose__struct.hpp:20[m[K,
                 from [01m[K/opt/ros/humble/include/geometry_msgs/geometry_msgs/msg/pose.hpp:7[m[K,
                 from [01m[K/home/hac/ros2_ws/src/808x-final-project/src/../include/perception.hpp:18[m[K,
                 from [01m[K/home/hac/ros2_ws/src/808x-final-project/src/perception.cpp:14[m[K:
[01m[K/opt/ros/humble/include/geometry_msgs/geometry_msgs/msg/detail/point__struct.hpp:27:11:[m[K [01;36m[Knote: [m[K  â€˜[01m[Kgeometry_msgs::msg[m[Kâ€™
   27 | namespace [01;36m[Kmsg[m[K
      |           [01;36m[K^~~[m[K
In file included from [01m[K/opt/ros/humble/include/sensor_msgs/sensor_msgs/msg/detail/laser_scan__struct.hpp:20[m[K,
                 from [01m[K/opt/ros/humble/include/sensor_msgs/sensor_msgs/msg/laser_scan.hpp:7[m[K,
                 from [01m[K/home/hac/ros2_ws/src/808x-final-project/src/../include/perception.hpp:19[m[K,
                 from [01m[K/home/hac/ros2_ws/src/808x-final-project/src/perception.cpp:14[m[K:
[01m[K/opt/ros/humble/include/std_msgs/std_msgs/msg/detail/header__struct.hpp:31:11:[m[K [01;36m[Knote: [m[K  â€˜[01m[Kstd_msgs::msg[m[Kâ€™
   31 | namespace [01;36m[Kmsg[m[K
      |           [01;36m[K^~~[m[K
In file included from [01m[K/opt/ros/humble/include/sensor_msgs/sensor_msgs/msg/laser_scan.hpp:7[m[K,
                 from [01m[K/home/hac/ros2_ws/src/808x-final-project/src/../include/perception.hpp:19[m[K,
                 from [01m[K/home/hac/ros2_ws/src/808x-final-project/src/perception.cpp:14[m[K:
[01m[K/opt/ros/humble/include/sensor_msgs/sensor_msgs/msg/detail/laser_scan__struct.hpp:31:11:[m[K [01;36m[Knote: [m[K  â€˜[01m[Ksensor_msgs::msg[m[Kâ€™
   31 | namespace [01;36m[Kmsg[m[K
      |           [01;36m[K^~~[m[K
In file included from [01m[K/opt/ros/humble/include/nav_msgs/nav_msgs/msg/odometry.hpp:7[m[K,
                 from [01m[K/home/hac/ros2_ws/src/808x-final-project/src/../include/perception.hpp:25[m[K,
                 from [01m[K/home/hac/ros2_ws/src/808x-final-project/src/perception.cpp:14[m[K:
[01m[K/opt/ros/humble/include/nav_msgs/nav_msgs/msg/detail/odometry__struct.hpp:35:11:[m[K [01;36m[Knote: [m[K  â€˜[01m[Knav_msgs::msg[m[Kâ€™
   35 | namespace [01;36m[Kmsg[m[K
      |           [01;36m[K^~~[m[K
[01m[K/home/hac/ros2_ws/src/808x-final-project/src/perception.cpp:[m[K At global scope:
[01m[K/home/hac/ros2_ws/src/808x-final-project/src/perception.cpp:127:6:[m[K [01;31m[Kerror: [m[Kno declaration matches â€˜[01m[Kvoid Perception::odom_callback(nav_msgs::msg::Odometry_<std::allocator<void> >::SharedPtr)[m[Kâ€™
  127 | void [01;31m[KPerception[m[K::odom_callback(
      |      [01;31m[K^~~~~~~~~~[m[K
[01m[K/home/hac/ros2_ws/src/808x-final-project/src/perception.cpp:127:6:[m[K [01;36m[Knote: [m[Kno functions named â€˜[01m[Kvoid Perception::odom_callback(nav_msgs::msg::Odometry_<std::allocator<void> >::SharedPtr)[m[Kâ€™
In file included from [01m[K/home/hac/ros2_ws/src/808x-final-project/src/perception.cpp:14[m[K:
[01m[K/home/hac/ros2_ws/src/808x-final-project/src/../include/perception.hpp:39:7:[m[K [01;36m[Knote: [m[Kâ€˜[01m[Kclass Perception[m[Kâ€™ defined here
   39 | class [01;36m[KPerception[m[K : public rclcpp::Node {
      |       [01;36m[K^~~~~~~~~~[m[K
[01m[K/home/hac/ros2_ws/src/808x-final-project/src/perception.cpp:[m[K In member function â€˜[01m[Kbool Perception::detect_book()[m[Kâ€™:
[01m[K/home/hac/ros2_ws/src/808x-final-project/src/perception.cpp:163:59:[m[K [01;31m[Kerror: [m[Kâ€˜[01m[K_1[m[Kâ€™ was not declared in this scope; did you mean â€˜[01m[Kstd::placeholders::_1[m[Kâ€™?
  163 |         std::bind(&Perception::img_sensor_callback, this, [01;31m[K_1[m[K));
      |                                                           [01;31m[K^~[m[K
      |                                                           [32m[Kstd::placeholders::_1[m[K
In file included from [01m[K/usr/include/c++/11/pstl/glue_algorithm_defs.h:13[m[K,
                 from [01m[K/usr/include/c++/11/algorithm:74[m[K,
                 from [01m[K/opt/ros/humble/include/rclcpp/rclcpp/executor.hpp:18[m[K,
                 from [01m[K/opt/ros/humble/include/rclcpp/rclcpp/executors/multi_threaded_executor.hpp:25[m[K,
                 from [01m[K/opt/ros/humble/include/rclcpp/rclcpp/executors.hpp:21[m[K,
                 from [01m[K/opt/ros/humble/include/rclcpp/rclcpp/rclcpp.hpp:155[m[K,
                 from [01m[K/home/hac/ros2_ws/src/808x-final-project/src/../include/perception.hpp:14[m[K,
                 from [01m[K/home/hac/ros2_ws/src/808x-final-project/src/perception.cpp:14[m[K:
[01m[K/usr/include/c++/11/functional:225:34:[m[K [01;36m[Knote: [m[Kâ€˜[01m[Kstd::placeholders::_1[m[Kâ€™ declared here
  225 |     extern const _Placeholder<1> [01;36m[K_1[m[K;
      |                                  [01;36m[K^~[m[K
[01m[K/home/hac/ros2_ws/src/808x-final-project/src/perception.cpp:169:13:[m[K [01;31m[Kerror: [m[Kâ€˜[01m[Kgo_to_shelf[m[Kâ€™ was not declared in this scope
  169 |             [01;31m[Kgo_to_shelf[m[K();
      |             [01;31m[K^~~~~~~~~~~[m[K
[01m[K/home/hac/ros2_ws/src/808x-final-project/src/perception.cpp:172:13:[m[K [01;31m[Kerror: [m[Kâ€˜[01m[Kgo_to_shelf[m[Kâ€™ was not declared in this scope
  172 |             [01;31m[Kgo_to_shelf[m[K();
      |             [01;31m[K^~~~~~~~~~~[m[K
[01m[K/home/hac/ros2_ws/src/808x-final-project/src/perception.cpp:175:13:[m[K [01;31m[Kerror: [m[Kâ€˜[01m[Kgo_to_shelf[m[Kâ€™ was not declared in this scope
  175 |             [01;31m[Kgo_to_shelf[m[K();
      |             [01;31m[K^~~~~~~~~~~[m[K
[01m[K/home/hac/ros2_ws/src/808x-final-project/src/perception.cpp:176:31:[m[K [01;31m[Kerror: [m[Kunable to find numeric literal operator â€˜[01m[Koperator""ms[m[Kâ€™
  176 |             rclcpp::sleep_for([01;31m[K100ms[m[K);
      |                               [01;31m[K^~~~~[m[K
gmake[2]: *** [CMakeFiles/libratech.dir/build.make:104: CMakeFiles/libratech.dir/src/navigation.cpp.o] Error 1
gmake[2]: *** [CMakeFiles/libratech.dir/build.make:118: CMakeFiles/libratech.dir/src/perception.cpp.o] Error 1
gmake[1]: *** [CMakeFiles/Makefile2:184: CMakeFiles/libratech.dir/all] Error 2
gmake: *** [Makefile:146: all] Error 2
